<?xml version="1.0" encoding="UTF-8"?>
<testng-results ignored="0" total="11" passed="11" failed="0" skipped="0">
  <reporter-output>
  </reporter-output>
  <suite started-at="2024-02-27T12:18:40 IST" name="Suite" finished-at="2024-02-27T12:19:37 IST" duration-ms="57092">
    <groups>
    </groups>
    <test started-at="2024-02-27T12:18:40 IST" name="Test" finished-at="2024-02-27T12:19:37 IST" duration-ms="57092">
      <class name="openmrs.CaptureVitals">
        <test-method signature="loginTest(java.lang.String,java.lang.String)[pri:0, instance:openmrs.CaptureVitals@61fe30]" started-at="2024-02-27T12:18:40 IST" name="loginTest" data-provider="loginData" finished-at="2024-02-27T12:18:40 IST" duration-ms="11" status="PASS">
          <params>
            <param index="0">
              <value>
                <![CDATA[username]]>
              </value>
            </param>
            <param index="1">
              <value>
                <![CDATA[password]]>
              </value>
            </param>
          </params>
          <reporter-output>
          </reporter-output>
        </test-method> <!-- loginTest -->
        <test-method is-config="true" signature="takeScreenShotOnFailure(org.testng.ITestResult)[pri:0, instance:openmrs.CaptureVitals@61fe30]" started-at="2024-02-27T12:18:40 IST" name="takeScreenShotOnFailure" finished-at="2024-02-27T12:18:40 IST" duration-ms="1" status="PASS">
          <params>
            <param index="0">
              <value>
                <![CDATA[[TestResult name=loginTest status=SUCCESS method=CaptureVitals.loginTest(java.lang.String,java.lang.String)[pri:0, instance:openmrs.CaptureVitals@61fe30] output={null}]]]>
              </value>
            </param>
          </params>
          <reporter-output>
          </reporter-output>
        </test-method> <!-- takeScreenShotOnFailure -->
        <test-method signature="loginTest(java.lang.String,java.lang.String)[pri:0, instance:openmrs.CaptureVitals@61fe30]" started-at="2024-02-27T12:18:40 IST" name="loginTest" data-provider="loginData" finished-at="2024-02-27T12:18:40 IST" duration-ms="1" status="PASS">
          <params>
            <param index="0">
              <value>
                <![CDATA[admin]]>
              </value>
            </param>
            <param index="1">
              <value>
                <![CDATA[Admin123]]>
              </value>
            </param>
          </params>
          <reporter-output>
          </reporter-output>
        </test-method> <!-- loginTest -->
        <test-method signature="loginTest(java.lang.String,java.lang.String)[pri:0, instance:openmrs.CaptureVitals@61fe30]" started-at="2024-02-27T12:18:40 IST" name="loginTest" data-provider="loginData" finished-at="2024-02-27T12:18:40 IST" duration-ms="1" status="PASS">
          <params>
            <param index="0">
              <value>
                <![CDATA[dmin]]>
              </value>
            </param>
            <param index="1">
              <value>
                <![CDATA[Admin@123]]>
              </value>
            </param>
          </params>
          <reporter-output>
          </reporter-output>
        </test-method> <!-- loginTest -->
        <test-method is-config="true" signature="takeScreenShotOnFailure(org.testng.ITestResult)[pri:0, instance:openmrs.CaptureVitals@61fe30]" started-at="2024-02-27T12:18:40 IST" name="takeScreenShotOnFailure" finished-at="2024-02-27T12:18:40 IST" duration-ms="0" status="PASS">
          <params>
            <param index="0">
              <value>
                <![CDATA[[TestResult name=loginTest status=SUCCESS method=CaptureVitals.loginTest(java.lang.String,java.lang.String)[pri:0, instance:openmrs.CaptureVitals@61fe30] output={null}]]]>
              </value>
            </param>
          </params>
          <reporter-output>
          </reporter-output>
        </test-method> <!-- takeScreenShotOnFailure -->
        <test-method is-config="true" signature="takeScreenShotOnFailure(org.testng.ITestResult)[pri:0, instance:openmrs.CaptureVitals@61fe30]" started-at="2024-02-27T12:18:40 IST" name="takeScreenShotOnFailure" finished-at="2024-02-27T12:18:40 IST" duration-ms="0" status="PASS">
          <params>
            <param index="0">
              <value>
                <![CDATA[[TestResult name=loginTest status=SUCCESS method=CaptureVitals.loginTest(java.lang.String,java.lang.String)[pri:0, instance:openmrs.CaptureVitals@61fe30] output={null}]]]>
              </value>
            </param>
          </params>
          <reporter-output>
          </reporter-output>
        </test-method> <!-- takeScreenShotOnFailure -->
        <test-method signature="loginTest(java.lang.String,java.lang.String)[pri:0, instance:openmrs.CaptureVitals@61fe30]" started-at="2024-02-27T12:18:40 IST" name="loginTest" data-provider="loginData" finished-at="2024-02-27T12:18:40 IST" duration-ms="1" status="PASS">
          <params>
            <param index="0">
              <value>
                <![CDATA[admin]]>
              </value>
            </param>
            <param index="1">
              <value>
                <![CDATA[Admin@]]>
              </value>
            </param>
          </params>
          <reporter-output>
          </reporter-output>
        </test-method> <!-- loginTest -->
        <test-method signature="loginTest(java.lang.String,java.lang.String)[pri:0, instance:openmrs.CaptureVitals@61fe30]" started-at="2024-02-27T12:18:40 IST" name="loginTest" data-provider="loginData" finished-at="2024-02-27T12:18:40 IST" duration-ms="1" status="PASS">
          <params>
            <param index="0">
              <value>
                <![CDATA[admin]]>
              </value>
            </param>
            <param index="1">
              <value>
                <![CDATA[Admin123]]>
              </value>
            </param>
          </params>
          <reporter-output>
          </reporter-output>
        </test-method> <!-- loginTest -->
        <test-method is-config="true" signature="takeScreenShotOnFailure(org.testng.ITestResult)[pri:0, instance:openmrs.CaptureVitals@61fe30]" started-at="2024-02-27T12:18:40 IST" name="takeScreenShotOnFailure" finished-at="2024-02-27T12:18:40 IST" duration-ms="0" status="PASS">
          <params>
            <param index="0">
              <value>
                <![CDATA[[TestResult name=loginTest status=SUCCESS method=CaptureVitals.loginTest(java.lang.String,java.lang.String)[pri:0, instance:openmrs.CaptureVitals@61fe30] output={null}]]]>
              </value>
            </param>
          </params>
          <reporter-output>
          </reporter-output>
        </test-method> <!-- takeScreenShotOnFailure -->
        <test-method is-config="true" signature="takeScreenShotOnFailure(org.testng.ITestResult)[pri:0, instance:openmrs.CaptureVitals@61fe30]" started-at="2024-02-27T12:18:40 IST" name="takeScreenShotOnFailure" finished-at="2024-02-27T12:18:40 IST" duration-ms="0" status="PASS">
          <params>
            <param index="0">
              <value>
                <![CDATA[[TestResult name=loginTest status=SUCCESS method=CaptureVitals.loginTest(java.lang.String,java.lang.String)[pri:0, instance:openmrs.CaptureVitals@61fe30] output={null}]]]>
              </value>
            </param>
          </params>
          <reporter-output>
          </reporter-output>
        </test-method> <!-- takeScreenShotOnFailure -->
        <test-method signature="i_want_to_open_the_browser()[pri:1, instance:openmrs.CaptureVitals@61fe30]" started-at="2024-02-27T12:18:40 IST" name="i_want_to_open_the_browser" finished-at="2024-02-27T12:18:42 IST" duration-ms="1380" status="PASS">
          <reporter-output>
          </reporter-output>
        </test-method> <!-- i_want_to_open_the_browser -->
        <test-method is-config="true" signature="takeScreenShotOnFailure(org.testng.ITestResult)[pri:0, instance:openmrs.CaptureVitals@61fe30]" started-at="2024-02-27T12:18:42 IST" name="takeScreenShotOnFailure" finished-at="2024-02-27T12:18:42 IST" duration-ms="0" status="PASS">
          <params>
            <param index="0">
              <value>
                <![CDATA[[TestResult name=i_want_to_open_the_browser status=SUCCESS method=CaptureVitals.i_want_to_open_the_browser()[pri:1, instance:openmrs.CaptureVitals@61fe30] output={null}]]]>
              </value>
            </param>
          </params>
          <reporter-output>
          </reporter-output>
        </test-method> <!-- takeScreenShotOnFailure -->
        <test-method signature="i_want_to_open_the_openmrs_page()[pri:2, instance:openmrs.CaptureVitals@61fe30]" started-at="2024-02-27T12:18:42 IST" name="i_want_to_open_the_openmrs_page" finished-at="2024-02-27T12:18:46 IST" duration-ms="4656" status="PASS">
          <reporter-output>
          </reporter-output>
        </test-method> <!-- i_want_to_open_the_openmrs_page -->
        <test-method is-config="true" signature="takeScreenShotOnFailure(org.testng.ITestResult)[pri:0, instance:openmrs.CaptureVitals@61fe30]" started-at="2024-02-27T12:18:46 IST" name="takeScreenShotOnFailure" finished-at="2024-02-27T12:18:46 IST" duration-ms="0" status="PASS">
          <params>
            <param index="0">
              <value>
                <![CDATA[[TestResult name=i_want_to_open_the_openmrs_page status=SUCCESS method=CaptureVitals.i_want_to_open_the_openmrs_page()[pri:2, instance:openmrs.CaptureVitals@61fe30] output={null}]]]>
              </value>
            </param>
          </params>
          <reporter-output>
          </reporter-output>
        </test-method> <!-- takeScreenShotOnFailure -->
        <test-method signature="i_give_login_credentials()[pri:3, instance:openmrs.CaptureVitals@61fe30]" started-at="2024-02-27T12:18:46 IST" name="i_give_login_credentials" finished-at="2024-02-27T12:18:50 IST" duration-ms="3128" status="PASS">
          <reporter-output>
          </reporter-output>
        </test-method> <!-- i_give_login_credentials -->
        <test-method is-config="true" signature="takeScreenShotOnFailure(org.testng.ITestResult)[pri:0, instance:openmrs.CaptureVitals@61fe30]" started-at="2024-02-27T12:18:50 IST" name="takeScreenShotOnFailure" finished-at="2024-02-27T12:18:50 IST" duration-ms="0" status="PASS">
          <params>
            <param index="0">
              <value>
                <![CDATA[[TestResult name=i_give_login_credentials status=SUCCESS method=CaptureVitals.i_give_login_credentials()[pri:3, instance:openmrs.CaptureVitals@61fe30] output={null}]]]>
              </value>
            </param>
          </params>
          <reporter-output>
          </reporter-output>
        </test-method> <!-- takeScreenShotOnFailure -->
        <test-method signature="i_click_on_inpatient_ward_to_access_the_location()[pri:4, instance:openmrs.CaptureVitals@61fe30]" started-at="2024-02-27T12:18:50 IST" name="i_click_on_inpatient_ward_to_access_the_location" finished-at="2024-02-27T12:18:50 IST" duration-ms="56" status="PASS">
          <reporter-output>
          </reporter-output>
        </test-method> <!-- i_click_on_inpatient_ward_to_access_the_location -->
        <test-method signature="i_click_on_login()[pri:5, instance:openmrs.CaptureVitals@61fe30]" started-at="2024-02-27T12:18:50 IST" name="i_click_on_login" finished-at="2024-02-27T12:18:52 IST" duration-ms="2021" status="PASS">
          <reporter-output>
          </reporter-output>
        </test-method> <!-- i_click_on_login -->
        <test-method is-config="true" signature="takeScreenShotOnFailure(org.testng.ITestResult)[pri:0, instance:openmrs.CaptureVitals@61fe30]" started-at="2024-02-27T12:18:50 IST" name="takeScreenShotOnFailure" finished-at="2024-02-27T12:18:50 IST" duration-ms="0" status="PASS">
          <params>
            <param index="0">
              <value>
                <![CDATA[[TestResult name=i_click_on_inpatient_ward_to_access_the_location status=SUCCESS method=CaptureVitals.i_click_on_inpatient_ward_to_access_the_location()[pri:4, instance:openmrs.CaptureVitals@61fe30] output={null}]]]>
              </value>
            </param>
          </params>
          <reporter-output>
          </reporter-output>
        </test-method> <!-- takeScreenShotOnFailure -->
        <test-method signature="it_displays_the_home_page_and_access_capture_vitals()[pri:6, instance:openmrs.CaptureVitals@61fe30]" started-at="2024-02-27T12:18:52 IST" name="it_displays_the_home_page_and_access_capture_vitals" finished-at="2024-02-27T12:19:37 IST" duration-ms="45233" status="PASS">
          <reporter-output>
          </reporter-output>
        </test-method> <!-- it_displays_the_home_page_and_access_capture_vitals -->
        <test-method is-config="true" signature="takeScreenShotOnFailure(org.testng.ITestResult)[pri:0, instance:openmrs.CaptureVitals@61fe30]" started-at="2024-02-27T12:18:52 IST" name="takeScreenShotOnFailure" finished-at="2024-02-27T12:18:52 IST" duration-ms="0" status="PASS">
          <params>
            <param index="0">
              <value>
                <![CDATA[[TestResult name=i_click_on_login status=SUCCESS method=CaptureVitals.i_click_on_login()[pri:5, instance:openmrs.CaptureVitals@61fe30] output={null}]]]>
              </value>
            </param>
          </params>
          <reporter-output>
          </reporter-output>
        </test-method> <!-- takeScreenShotOnFailure -->
        <test-method is-config="true" signature="takeScreenShotOnFailure(org.testng.ITestResult)[pri:0, instance:openmrs.CaptureVitals@61fe30]" started-at="2024-02-27T12:19:37 IST" name="takeScreenShotOnFailure" finished-at="2024-02-27T12:19:37 IST" duration-ms="0" status="PASS">
          <params>
            <param index="0">
              <value>
                <![CDATA[[TestResult name=it_displays_the_home_page_and_access_capture_vitals status=SUCCESS method=CaptureVitals.it_displays_the_home_page_and_access_capture_vitals()[pri:6, instance:openmrs.CaptureVitals@61fe30] output={null}]]]>
              </value>
            </param>
          </params>
          <reporter-output>
          </reporter-output>
        </test-method> <!-- takeScreenShotOnFailure -->
      </class> <!-- openmrs.CaptureVitals -->
    </test> <!-- Test -->
  </suite> <!-- Suite -->
</testng-results>
